 <261302895937069952> 26/09/2022 16:54:49.418     [Error  ] - [MgGui.dll] in Control.fillData(): missing datatype or picture string for control: C, Program: "TestGit".
 <261302895937069952> 26/09/2022 16:54:49.437     [Error  ] - [MgGui.dll] 
   at System.Environment.GetStackTrace(Exception e, Boolean needFileInfo)
   at System.Environment.get_StackTrace()
   at com.magicsoftware.rte.CoreExecutor.WriteExceptionToLog(Int64 contextID, String msg)
   at com.magicsoftware.rte.GuiEventsProcessor.WriteExceptionToLog(String message)
   at com.magicsoftware.unipaas.Events.WriteExceptionToLog(String msg)
   at com.magicsoftware.unipaas.management.gui.MgControlBase.fillData(MgFormBase mgForm, Int32 ditIdx)
   at com.magicsoftware.unipaas.management.gui.ControlTable.initInnerObjects(String foundTagName)
   at com.magicsoftware.unipaas.management.gui.ControlTable.fillData(MgFormBase mgForm)
   at com.magicsoftware.unipaas.management.gui.MgFormBase.initInnerObjects(String foundTagName)
   at com.magicsoftware.unipaas.management.gui.MgFormBase.fillData(TaskBase taskRef)
   at com.magicsoftware.rte.gui.MgForm.fillData(TaskBase taskRef)
   at com.magicsoftware.unipaas.management.tasks.TaskBase.FormInitData(MgFormBase parentForm)
   at com.magicsoftware.unipaas.management.tasks.TaskBase.initInnerObjects(String foundTagName, MgFormBase parentForm)
   at com.magicsoftware.rte.tasks.Task.FillData(MgFormBase parentFrom)
   at com.magicsoftware.rte.tasks.TasksManager.InitInnerObjects(String currTagName, Int64 contextID, MgFormBase parentForm, Task& task)
   at com.magicsoftware.rte.tasks.TasksManager.fillData(Int64 contextID, String xmlData, MgFormBase parentForm)
   at com.magicsoftware.rte.RteExecutor.OpenTask(Double contextID, String xmlData, Int32 parentFormTskID, Int32 triggeringParentTaskID)
   at RteExecutorEndpoint.OpenTask(Double contextID, String content, Int32 parentTskID, Int32 triggeringTaskID)
   at RteExecutorBridge.OpenTask(RteExecutorBridge* , Double contextID, UInt16* content, Int32 parentFormTskID, Int32 triggeringTaskID)
   at CoreExecutorEndpoint.EventsLoop()
   at CoreExecutorGateway.EventsLoop()
   at com.magicsoftware.rte.RTEmanager.ExecuteWorkThread()
   at System.Threading.ThreadHelper.ThreadStart_Context(Object state)
   at System.Threading.ExecutionContext.RunInternal(ExecutionContext executionContext, ContextCallback callback, Object state, Boolean preserveSyncCtx)
   at System.Threading.ExecutionContext.Run(ExecutionContext executionContext, ContextCallback callback, Object state, Boolean preserveSyncCtx)
   at System.Threading.ExecutionContext.Run(ExecutionContext executionContext, ContextCallback callback, Object state)
   at System.Threading.ThreadHelper.ThreadStart(), Program: "TestGit".
 <261302895937069952> 26/09/2022 16:54:49.437     [Error  ] - [MgGui.dll] in Control.fillData(): missing datatype or picture string for control: D, Program: "TestGit".
 <261302895937069952> 26/09/2022 16:54:49.447     [Error  ] - [MgGui.dll] 
   at System.Environment.GetStackTrace(Exception e, Boolean needFileInfo)
   at System.Environment.get_StackTrace()
   at com.magicsoftware.rte.CoreExecutor.WriteExceptionToLog(Int64 contextID, String msg)
   at com.magicsoftware.rte.GuiEventsProcessor.WriteExceptionToLog(String message)
   at com.magicsoftware.unipaas.Events.WriteExceptionToLog(String msg)
   at com.magicsoftware.unipaas.management.gui.MgControlBase.fillData(MgFormBase mgForm, Int32 ditIdx)
   at com.magicsoftware.unipaas.management.gui.ControlTable.initInnerObjects(String foundTagName)
   at com.magicsoftware.unipaas.management.gui.ControlTable.fillData(MgFormBase mgForm)
   at com.magicsoftware.unipaas.management.gui.MgFormBase.initInnerObjects(String foundTagName)
   at com.magicsoftware.unipaas.management.gui.MgFormBase.fillData(TaskBase taskRef)
   at com.magicsoftware.rte.gui.MgForm.fillData(TaskBase taskRef)
   at com.magicsoftware.unipaas.management.tasks.TaskBase.FormInitData(MgFormBase parentForm)
   at com.magicsoftware.unipaas.management.tasks.TaskBase.initInnerObjects(String foundTagName, MgFormBase parentForm)
   at com.magicsoftware.rte.tasks.Task.FillData(MgFormBase parentFrom)
   at com.magicsoftware.rte.tasks.TasksManager.InitInnerObjects(String currTagName, Int64 contextID, MgFormBase parentForm, Task& task)
   at com.magicsoftware.rte.tasks.TasksManager.fillData(Int64 contextID, String xmlData, MgFormBase parentForm)
   at com.magicsoftware.rte.RteExecutor.OpenTask(Double contextID, String xmlData, Int32 parentFormTskID, Int32 triggeringParentTaskID)
   at RteExecutorEndpoint.OpenTask(Double contextID, String content, Int32 parentTskID, Int32 triggeringTaskID)
   at RteExecutorBridge.OpenTask(RteExecutorBridge* , Double contextID, UInt16* content, Int32 parentFormTskID, Int32 triggeringTaskID)
   at CoreExecutorEndpoint.EventsLoop()
   at CoreExecutorGateway.EventsLoop()
   at com.magicsoftware.rte.RTEmanager.ExecuteWorkThread()
   at System.Threading.ThreadHelper.ThreadStart_Context(Object state)
   at System.Threading.ExecutionContext.RunInternal(ExecutionContext executionContext, ContextCallback callback, Object state, Boolean preserveSyncCtx)
   at System.Threading.ExecutionContext.Run(ExecutionContext executionContext, ContextCallback callback, Object state, Boolean preserveSyncCtx)
   at System.Threading.ExecutionContext.Run(ExecutionContext executionContext, ContextCallback callback, Object state)
   at System.Threading.ThreadHelper.ThreadStart(), Program: "TestGit".
 <261302895937069952> 26/09/2022 16:54:49.455     [Error  ] - [MgGui.dll] in Control.fillData(): missing datatype or picture string for control: E, Program: "TestGit".
 <261302895937069952> 26/09/2022 16:54:49.462     [Error  ] - [MgGui.dll] 
   at System.Environment.GetStackTrace(Exception e, Boolean needFileInfo)
   at System.Environment.get_StackTrace()
   at com.magicsoftware.rte.CoreExecutor.WriteExceptionToLog(Int64 contextID, String msg)
   at com.magicsoftware.rte.GuiEventsProcessor.WriteExceptionToLog(String message)
   at com.magicsoftware.unipaas.Events.WriteExceptionToLog(String msg)
   at com.magicsoftware.unipaas.management.gui.MgControlBase.fillData(MgFormBase mgForm, Int32 ditIdx)
   at com.magicsoftware.unipaas.management.gui.ControlTable.initInnerObjects(String foundTagName)
   at com.magicsoftware.unipaas.management.gui.ControlTable.fillData(MgFormBase mgForm)
   at com.magicsoftware.unipaas.management.gui.MgFormBase.initInnerObjects(String foundTagName)
   at com.magicsoftware.unipaas.management.gui.MgFormBase.fillData(TaskBase taskRef)
   at com.magicsoftware.rte.gui.MgForm.fillData(TaskBase taskRef)
   at com.magicsoftware.unipaas.management.tasks.TaskBase.FormInitData(MgFormBase parentForm)
   at com.magicsoftware.unipaas.management.tasks.TaskBase.initInnerObjects(String foundTagName, MgFormBase parentForm)
   at com.magicsoftware.rte.tasks.Task.FillData(MgFormBase parentFrom)
   at com.magicsoftware.rte.tasks.TasksManager.InitInnerObjects(String currTagName, Int64 contextID, MgFormBase parentForm, Task& task)
   at com.magicsoftware.rte.tasks.TasksManager.fillData(Int64 contextID, String xmlData, MgFormBase parentForm)
   at com.magicsoftware.rte.RteExecutor.OpenTask(Double contextID, String xmlData, Int32 parentFormTskID, Int32 triggeringParentTaskID)
   at RteExecutorEndpoint.OpenTask(Double contextID, String content, Int32 parentTskID, Int32 triggeringTaskID)
   at RteExecutorBridge.OpenTask(RteExecutorBridge* , Double contextID, UInt16* content, Int32 parentFormTskID, Int32 triggeringTaskID)
   at CoreExecutorEndpoint.EventsLoop()
   at CoreExecutorGateway.EventsLoop()
   at com.magicsoftware.rte.RTEmanager.ExecuteWorkThread()
   at System.Threading.ThreadHelper.ThreadStart_Context(Object state)
   at System.Threading.ExecutionContext.RunInternal(ExecutionContext executionContext, ContextCallback callback, Object state, Boolean preserveSyncCtx)
   at System.Threading.ExecutionContext.Run(ExecutionContext executionContext, ContextCallback callback, Object state, Boolean preserveSyncCtx)
   at System.Threading.ExecutionContext.Run(ExecutionContext executionContext, ContextCallback callback, Object state)
   at System.Threading.ThreadHelper.ThreadStart(), Program: "TestGit".
 <261302895937069952> 26/09/2022 16:54:49.528     [Error  ] - [MgGui.dll] Control 'C': Object reference not set to an instance of an object., Program: "TestGit".
 <261302895937069952> 26/09/2022 16:54:49.529     [Error  ] - [MgGui.dll] 
   at System.Environment.GetStackTrace(Exception e, Boolean needFileInfo)
   at System.Environment.get_StackTrace()
   at com.magicsoftware.rte.CoreExecutor.WriteExceptionToLog(Int64 contextID, String msg)
   at com.magicsoftware.rte.GuiEventsProcessor.WriteExceptionToLog(String message)
   at com.magicsoftware.unipaas.Events.WriteExceptionToLog(String msg)
   at com.magicsoftware.unipaas.management.gui.MgControlBase.refreshProperties(Boolean onlyRepeatableProps)
   at com.magicsoftware.unipaas.management.gui.MgControlBase.RefreshDisplay(Boolean onlyRepeatableProps)
   at com.magicsoftware.unipaas.management.gui.MgFormBase.refreshControls(Boolean repeatableOnly)
   at com.magicsoftware.rte.tasks.Task.RefreshDisplay()
   at com.magicsoftware.unipaas.management.tasks.TaskBase.InitForm()
   at com.magicsoftware.rte.tasks.Task.InitForm()
   at com.magicsoftware.rte.tasks.TasksManager.OpenForm(Int32 taskID, Int32 subformParentTaskTag, Int32 subformDitIdx)
   at com.magicsoftware.rte.RteExecutor.OpenForm(Int32 taskID, Int32 subformParentTaskTag, Int32 subformDitIdx)
   at RteExecutorEndpoint.OpenForm(Int32 taskID, Int32 subformParentTaskTag, Int32 subformDitIdx)
   at RteExecutorBridge.OpenForm(RteExecutorBridge* , Int32 taskID, Int32 subformParentTaskTag, Int32 subformDitIdx)
   at CoreExecutorEndpoint.EventsLoop()
   at CoreExecutorGateway.EventsLoop()
   at com.magicsoftware.rte.RTEmanager.ExecuteWorkThread()
   at System.Threading.ThreadHelper.ThreadStart_Context(Object state)
   at System.Threading.ExecutionContext.RunInternal(ExecutionContext executionContext, ContextCallback callback, Object state, Boolean preserveSyncCtx)
   at System.Threading.ExecutionContext.Run(ExecutionContext executionContext, ContextCallback callback, Object state, Boolean preserveSyncCtx)
   at System.Threading.ExecutionContext.Run(ExecutionContext executionContext, ContextCallback callback, Object state)
   at System.Threading.ThreadHelper.ThreadStart(), Program: "TestGit".
 <261302895937069952> 26/09/2022 16:54:49.540     [Error  ] - [MgGui.dll] Control 'D': Object reference not set to an instance of an object., Program: "TestGit".
 <261302895937069952> 26/09/2022 16:54:49.551     [Error  ] - [MgGui.dll] 
   at System.Environment.GetStackTrace(Exception e, Boolean needFileInfo)
   at System.Environment.get_StackTrace()
   at com.magicsoftware.rte.CoreExecutor.WriteExceptionToLog(Int64 contextID, String msg)
   at com.magicsoftware.rte.GuiEventsProcessor.WriteExceptionToLog(String message)
   at com.magicsoftware.unipaas.Events.WriteExceptionToLog(String msg)
   at com.magicsoftware.unipaas.management.gui.MgControlBase.refreshProperties(Boolean onlyRepeatableProps)
   at com.magicsoftware.unipaas.management.gui.MgControlBase.RefreshDisplay(Boolean onlyRepeatableProps)
   at com.magicsoftware.unipaas.management.gui.MgFormBase.refreshControls(Boolean repeatableOnly)
   at com.magicsoftware.rte.tasks.Task.RefreshDisplay()
   at com.magicsoftware.unipaas.management.tasks.TaskBase.InitForm()
   at com.magicsoftware.rte.tasks.Task.InitForm()
   at com.magicsoftware.rte.tasks.TasksManager.OpenForm(Int32 taskID, Int32 subformParentTaskTag, Int32 subformDitIdx)
   at com.magicsoftware.rte.RteExecutor.OpenForm(Int32 taskID, Int32 subformParentTaskTag, Int32 subformDitIdx)
   at RteExecutorEndpoint.OpenForm(Int32 taskID, Int32 subformParentTaskTag, Int32 subformDitIdx)
   at RteExecutorBridge.OpenForm(RteExecutorBridge* , Int32 taskID, Int32 subformParentTaskTag, Int32 subformDitIdx)
   at CoreExecutorEndpoint.EventsLoop()
   at CoreExecutorGateway.EventsLoop()
   at com.magicsoftware.rte.RTEmanager.ExecuteWorkThread()
   at System.Threading.ThreadHelper.ThreadStart_Context(Object state)
   at System.Threading.ExecutionContext.RunInternal(ExecutionContext executionContext, ContextCallback callback, Object state, Boolean preserveSyncCtx)
   at System.Threading.ExecutionContext.Run(ExecutionContext executionContext, ContextCallback callback, Object state, Boolean preserveSyncCtx)
   at System.Threading.ExecutionContext.Run(ExecutionContext executionContext, ContextCallback callback, Object state)
   at System.Threading.ThreadHelper.ThreadStart(), Program: "TestGit".
 <261302895937069952> 26/09/2022 16:54:49.560     [Error  ] - [MgGui.dll] Control 'E': Object reference not set to an instance of an object., Program: "TestGit".
 <261302895937069952> 26/09/2022 16:54:49.571     [Error  ] - [MgGui.dll] 
   at System.Environment.GetStackTrace(Exception e, Boolean needFileInfo)
   at System.Environment.get_StackTrace()
   at com.magicsoftware.rte.CoreExecutor.WriteExceptionToLog(Int64 contextID, String msg)
   at com.magicsoftware.rte.GuiEventsProcessor.WriteExceptionToLog(String message)
   at com.magicsoftware.unipaas.Events.WriteExceptionToLog(String msg)
   at com.magicsoftware.unipaas.management.gui.MgControlBase.refreshProperties(Boolean onlyRepeatableProps)
   at com.magicsoftware.unipaas.management.gui.MgControlBase.RefreshDisplay(Boolean onlyRepeatableProps)
   at com.magicsoftware.unipaas.management.gui.MgFormBase.refreshControls(Boolean repeatableOnly)
   at com.magicsoftware.rte.tasks.Task.RefreshDisplay()
   at com.magicsoftware.unipaas.management.tasks.TaskBase.InitForm()
   at com.magicsoftware.rte.tasks.Task.InitForm()
   at com.magicsoftware.rte.tasks.TasksManager.OpenForm(Int32 taskID, Int32 subformParentTaskTag, Int32 subformDitIdx)
   at com.magicsoftware.rte.RteExecutor.OpenForm(Int32 taskID, Int32 subformParentTaskTag, Int32 subformDitIdx)
   at RteExecutorEndpoint.OpenForm(Int32 taskID, Int32 subformParentTaskTag, Int32 subformDitIdx)
   at RteExecutorBridge.OpenForm(RteExecutorBridge* , Int32 taskID, Int32 subformParentTaskTag, Int32 subformDitIdx)
   at CoreExecutorEndpoint.EventsLoop()
   at CoreExecutorGateway.EventsLoop()
   at com.magicsoftware.rte.RTEmanager.ExecuteWorkThread()
   at System.Threading.ThreadHelper.ThreadStart_Context(Object state)
   at System.Threading.ExecutionContext.RunInternal(ExecutionContext executionContext, ContextCallback callback, Object state, Boolean preserveSyncCtx)
   at System.Threading.ExecutionContext.Run(ExecutionContext executionContext, ContextCallback callback, Object state, Boolean preserveSyncCtx)
   at System.Threading.ExecutionContext.Run(ExecutionContext executionContext, ContextCallback callback, Object state)
   at System.Threading.ThreadHelper.ThreadStart(), Program: "TestGit".
 <261302895937069952> 26/09/2022 16:54:49.588     [Error  ] - [MgGui.dll] Control 'C': Object reference not set to an instance of an object., Program: "TestGit".
 <261302895937069952> 26/09/2022 16:54:49.589     [Error  ] - [MgGui.dll] 
   at System.Environment.GetStackTrace(Exception e, Boolean needFileInfo)
   at System.Environment.get_StackTrace()
   at com.magicsoftware.rte.CoreExecutor.WriteExceptionToLog(Int64 contextID, String msg)
   at com.magicsoftware.rte.GuiEventsProcessor.WriteExceptionToLog(String message)
   at com.magicsoftware.unipaas.Events.WriteExceptionToLog(String msg)
   at com.magicsoftware.unipaas.management.gui.MgControlBase.refreshProperties(Boolean onlyRepeatableProps)
   at com.magicsoftware.unipaas.management.gui.MgControlBase.RefreshDisplay(Boolean onlyRepeatableProps)
   at com.magicsoftware.unipaas.management.gui.MgFormBase.refreshControls(Boolean repeatableOnly)
   at com.magicsoftware.unipaas.management.gui.MgFormBase.refreshRow(Int32 rowIdx, Boolean repeatableOnly)
   at com.magicsoftware.rte.gui.MgForm.DisplayRow(Int32 rowIdx, Boolean repeatableOnly, String dataCtrlPairs)
   at com.magicsoftware.rte.RteExecutor.DisplayRow(Int32 taskID, Int32 rowIdx, Boolean repeatableOnly, String dataCtrlPairs)
   at RteExecutorEndpoint.InvokeDisplayRow(Int32 taskID, Int32 rowIdx, Boolean repeatableOnly, String dataCtrlPairs)
   at RteExecutorBridge.DisplayRow(RteExecutorBridge* , Int32 taskID, Int32 rowIdx, Boolean repeatableOnly, UInt16* dataCtrlPairs)
   at CoreExecutorEndpoint.EventsLoop()
   at CoreExecutorGateway.EventsLoop()
   at com.magicsoftware.rte.RTEmanager.ExecuteWorkThread()
   at System.Threading.ThreadHelper.ThreadStart_Context(Object state)
   at System.Threading.ExecutionContext.RunInternal(ExecutionContext executionContext, ContextCallback callback, Object state, Boolean preserveSyncCtx)
   at System.Threading.ExecutionContext.Run(ExecutionContext executionContext, ContextCallback callback, Object state, Boolean preserveSyncCtx)
   at System.Threading.ExecutionContext.Run(ExecutionContext executionContext, ContextCallback callback, Object state)
   at System.Threading.ThreadHelper.ThreadStart(), Program: "TestGit".
 <261302895937069952> 26/09/2022 16:54:49.600     [Error  ] - [MgGui.dll] Control 'D': Object reference not set to an instance of an object., Program: "TestGit".
 <261302895937069952> 26/09/2022 16:54:49.611     [Error  ] - [MgGui.dll] 
   at System.Environment.GetStackTrace(Exception e, Boolean needFileInfo)
   at System.Environment.get_StackTrace()
   at com.magicsoftware.rte.CoreExecutor.WriteExceptionToLog(Int64 contextID, String msg)
   at com.magicsoftware.rte.GuiEventsProcessor.WriteExceptionToLog(String message)
   at com.magicsoftware.unipaas.Events.WriteExceptionToLog(String msg)
   at com.magicsoftware.unipaas.management.gui.MgControlBase.refreshProperties(Boolean onlyRepeatableProps)
   at com.magicsoftware.unipaas.management.gui.MgControlBase.RefreshDisplay(Boolean onlyRepeatableProps)
   at com.magicsoftware.unipaas.management.gui.MgFormBase.refreshControls(Boolean repeatableOnly)
   at com.magicsoftware.unipaas.management.gui.MgFormBase.refreshRow(Int32 rowIdx, Boolean repeatableOnly)
   at com.magicsoftware.rte.gui.MgForm.DisplayRow(Int32 rowIdx, Boolean repeatableOnly, String dataCtrlPairs)
   at com.magicsoftware.rte.RteExecutor.DisplayRow(Int32 taskID, Int32 rowIdx, Boolean repeatableOnly, String dataCtrlPairs)
   at RteExecutorEndpoint.InvokeDisplayRow(Int32 taskID, Int32 rowIdx, Boolean repeatableOnly, String dataCtrlPairs)
   at RteExecutorBridge.DisplayRow(RteExecutorBridge* , Int32 taskID, Int32 rowIdx, Boolean repeatableOnly, UInt16* dataCtrlPairs)
   at CoreExecutorEndpoint.EventsLoop()
   at CoreExecutorGateway.EventsLoop()
   at com.magicsoftware.rte.RTEmanager.ExecuteWorkThread()
   at System.Threading.ThreadHelper.ThreadStart_Context(Object state)
   at System.Threading.ExecutionContext.RunInternal(ExecutionContext executionContext, ContextCallback callback, Object state, Boolean preserveSyncCtx)
   at System.Threading.ExecutionContext.Run(ExecutionContext executionContext, ContextCallback callback, Object state, Boolean preserveSyncCtx)
   at System.Threading.ExecutionContext.Run(ExecutionContext executionContext, ContextCallback callback, Object state)
   at System.Threading.ThreadHelper.ThreadStart(), Program: "TestGit".
 <261302895937069952> 26/09/2022 16:54:49.619     [Error  ] - [MgGui.dll] Control 'E': Object reference not set to an instance of an object., Program: "TestGit".
 <261302895937069952> 26/09/2022 16:54:49.632     [Error  ] - [MgGui.dll] 
   at System.Environment.GetStackTrace(Exception e, Boolean needFileInfo)
   at System.Environment.get_StackTrace()
   at com.magicsoftware.rte.CoreExecutor.WriteExceptionToLog(Int64 contextID, String msg)
   at com.magicsoftware.rte.GuiEventsProcessor.WriteExceptionToLog(String message)
   at com.magicsoftware.unipaas.Events.WriteExceptionToLog(String msg)
   at com.magicsoftware.unipaas.management.gui.MgControlBase.refreshProperties(Boolean onlyRepeatableProps)
   at com.magicsoftware.unipaas.management.gui.MgControlBase.RefreshDisplay(Boolean onlyRepeatableProps)
   at com.magicsoftware.unipaas.management.gui.MgFormBase.refreshControls(Boolean repeatableOnly)
   at com.magicsoftware.unipaas.management.gui.MgFormBase.refreshRow(Int32 rowIdx, Boolean repeatableOnly)
   at com.magicsoftware.rte.gui.MgForm.DisplayRow(Int32 rowIdx, Boolean repeatableOnly, String dataCtrlPairs)
   at com.magicsoftware.rte.RteExecutor.DisplayRow(Int32 taskID, Int32 rowIdx, Boolean repeatableOnly, String dataCtrlPairs)
   at RteExecutorEndpoint.InvokeDisplayRow(Int32 taskID, Int32 rowIdx, Boolean repeatableOnly, String dataCtrlPairs)
   at RteExecutorBridge.DisplayRow(RteExecutorBridge* , Int32 taskID, Int32 rowIdx, Boolean repeatableOnly, UInt16* dataCtrlPairs)
   at CoreExecutorEndpoint.EventsLoop()
   at CoreExecutorGateway.EventsLoop()
   at com.magicsoftware.rte.RTEmanager.ExecuteWorkThread()
   at System.Threading.ThreadHelper.ThreadStart_Context(Object state)
   at System.Threading.ExecutionContext.RunInternal(ExecutionContext executionContext, ContextCallback callback, Object state, Boolean preserveSyncCtx)
   at System.Threading.ExecutionContext.Run(ExecutionContext executionContext, ContextCallback callback, Object state, Boolean preserveSyncCtx)
   at System.Threading.ExecutionContext.Run(ExecutionContext executionContext, ContextCallback callback, Object state)
   at System.Threading.ThreadHelper.ThreadStart(), Program: "TestGit".

==============================================
PID 2076	26/09/2022 16:57:10
==============================================


